build/app/intermediates/manifest_merge_blame_file/debug/manifest-merger-blame-debug-report.txt
1<?xml version="1.0" encoding="utf-8"?>
2<manifest xmlns:android="http://schemas.android.com/apk/res/android"
3    package="com.example.bluetooth_demo"
4    android:versionCode="1"
5    android:versionName="1.0.0" >
6
7    <uses-sdk
8        android:minSdkVersion="23"
9        android:targetSdkVersion="33" />
10    <!--
11         The INTERNET permission is required for development. Specifically,
12         the Flutter tool needs it to communicate with the running application
13         to allow setting breakpoints, to provide hot reload, etc.
14    -->
15    <uses-permission android:name="android.permission.INTERNET" />
15-->src/debug/AndroidManifest.xml:6:5-66
15-->src/debug/AndroidManifest.xml:6:22-64
16    <!-- Bluetooth permissions -->
17    <uses-permission android:name="android.permission.BLUETOOTH" />
17-->src/main/AndroidManifest.xml:3:5-68
17-->src/main/AndroidManifest.xml:3:22-65
18    <uses-permission android:name="android.permission.BLUETOOTH_ADMIN" />
18-->src/main/AndroidManifest.xml:4:5-74
18-->src/main/AndroidManifest.xml:4:22-71
19    <uses-permission android:name="android.permission.ACCESS_COARSE_LOCATION" />
19-->src/main/AndroidManifest.xml:5:5-81
19-->src/main/AndroidManifest.xml:5:22-78
20    <uses-permission android:name="android.permission.ACCESS_FINE_LOCATION" /> <!-- For Android 12+ (API level 31+) -->
20-->src/main/AndroidManifest.xml:6:5-79
20-->src/main/AndroidManifest.xml:6:22-76
21    <uses-permission
21-->src/main/AndroidManifest.xml:9:5-120
22        android:name="android.permission.BLUETOOTH_SCAN"
22-->src/main/AndroidManifest.xml:9:22-70
23        android:usesPermissionFlags="neverForLocation" />
23-->src/main/AndroidManifest.xml:9:71-117
24    <uses-permission android:name="android.permission.BLUETOOTH_CONNECT" />
24-->src/main/AndroidManifest.xml:10:5-76
24-->src/main/AndroidManifest.xml:10:22-73
25    <uses-permission android:name="android.permission.BLUETOOTH_ADVERTISE" />
25-->src/main/AndroidManifest.xml:11:5-78
25-->src/main/AndroidManifest.xml:11:22-75
26    <!--
27 Required to query activities that can process text, see:
28         https://developer.android.com/training/package-visibility?hl=en and
29         https://developer.android.com/reference/android/content/Intent#ACTION_PROCESS_TEXT.
30
31         In particular, this is used by the Flutter engine in io.flutter.plugin.text.ProcessTextPlugin.
32    -->
33    <queries>
33-->src/main/AndroidManifest.xml:48:5-53:15
34        <intent>
34-->src/main/AndroidManifest.xml:49:9-52:18
35            <action android:name="android.intent.action.PROCESS_TEXT" />
35-->src/main/AndroidManifest.xml:50:13-72
35-->src/main/AndroidManifest.xml:50:21-70
36
37            <data android:mimeType="text/plain" />
37-->src/main/AndroidManifest.xml:51:13-50
37-->src/main/AndroidManifest.xml:51:19-48
38        </intent>
39    </queries>
40
41    <application
42        android:name="android.app.Application"
43        android:appComponentFactory="androidx.core.app.CoreComponentFactory"
43-->[androidx.core:core:1.6.0] AndroidManifest.xml:24:18-86
44        android:debuggable="true"
45        android:extractNativeLibs="false"
46        android:icon="@mipmap/ic_launcher"
47        android:label="bluetooth_demo" >
48        <activity
49            android:name="com.example.bluetooth_demo.MainActivity"
50            android:configChanges="orientation|keyboardHidden|keyboard|screenSize|smallestScreenSize|locale|layoutDirection|fontScale|screenLayout|density|uiMode"
51            android:exported="true"
52            android:hardwareAccelerated="true"
53            android:launchMode="singleTop"
54            android:theme="@style/LaunchTheme"
55            android:windowSoftInputMode="adjustResize" >
56
57            <!--
58                 Specifies an Android theme to apply to this Activity as soon as
59                 the Android process has started. This theme is visible to the user
60                 while the Flutter UI initializes. After that, this theme continues
61                 to determine the Window background behind the Flutter UI.
62            -->
63            <meta-data
64                android:name="io.flutter.embedding.android.NormalTheme"
65                android:resource="@style/NormalTheme" />
66
67            <intent-filter>
68                <action android:name="android.intent.action.MAIN" />
69
70                <category android:name="android.intent.category.LAUNCHER" />
71            </intent-filter>
72        </activity>
73        <!--
74             Don't delete the meta-data below.
75             This is used by the Flutter tool to generate GeneratedPluginRegistrant.java
76        -->
77        <meta-data
78            android:name="flutterEmbedding"
79            android:value="2" />
80
81        <uses-library
81-->[androidx.window:window:1.0.0-beta04] AndroidManifest.xml:25:9-27:40
82            android:name="androidx.window.extensions"
82-->[androidx.window:window:1.0.0-beta04] AndroidManifest.xml:26:13-54
83            android:required="false" />
83-->[androidx.window:window:1.0.0-beta04] AndroidManifest.xml:27:13-37
84        <uses-library
84-->[androidx.window:window:1.0.0-beta04] AndroidManifest.xml:28:9-30:40
85            android:name="androidx.window.sidecar"
85-->[androidx.window:window:1.0.0-beta04] AndroidManifest.xml:29:13-51
86            android:required="false" />
86-->[androidx.window:window:1.0.0-beta04] AndroidManifest.xml:30:13-37
87    </application>
88
89</manifest>